[2017-09-25 00:55:34] [info] Start Program:
Path:"C:\Users\acer-pc\Desktop\git\softwareFirstHomework\sudoku\x64\Debug\sudoku.exe"
Arguments:-s 1.in 
Working directory: "C:\Users\acer-pc\Desktop\git\softwareFirstHomework\sudoku\sudoku\"
Modules: Selected: C:\Users\acer-pc\Desktop\git\softwareFirstHomework\sudoku\x64\Debug\sudoku.exe C:\Users\acer-pc\Desktop\git\softwareFirstHomework\sudoku\x64\Debug\UnitTest2.dll Excluded: 
Sources: Selected: C:\Users\acer-pc\Desktop\git\softwareFirstHomework\sudoku\sudoku C:\Users\acer-pc\Desktop\git\softwareFirstHomework\sudoku\UnitTest2 Excluded: 
Log Level: Normal
Cover Children: 0
Aggregate by file: 1
Continue after C++ exception: 0
Optimized build support: 0
Export: Binary C:\Users\acer-pc\AppData\Local\Temp\zp2b23i5.clo 
Input coverage: 
Unified diff: 
Excluded line regular expressions: 

[2017-09-25 00:55:34] [info] Module: C:\Users\acer-pc\Desktop\git\softwareFirstHomework\sudoku\x64\Debug\sudoku.exe is selected because it matches selected pattern: 
[2017-09-25 00:55:47] [info] Module: C:\Windows\System32\ntdll.dll is skipped because it matches no selected patterns
[2017-09-25 00:55:48] [info] Module: C:\Windows\System32\kernel32.dll is skipped because it matches no selected patterns
[2017-09-25 00:55:48] [info] Module: C:\Windows\System32\KernelBase.dll is skipped because it matches no selected patterns
[2017-09-25 00:55:48] [info] Module: C:\Windows\System32\msvcp140d.dll is skipped because it matches no selected patterns
[2017-09-25 00:55:48] [info] Module: C:\Windows\System32\vcruntime140d.dll is skipped because it matches no selected patterns
[2017-09-25 00:55:48] [info] Module: C:\Windows\System32\ucrtbased.dll is skipped because it matches no selected patterns
[2017-09-25 00:55:59] [info] ----------------------------------------------------
[2017-09-25 00:55:59] [info] Coverage binary generated in file: C:\Users\acer-pc\AppData\Local\Temp\zp2b23i5.clo
[2017-09-25 00:55:59] [info] ----------------------------------------------------
